\BOOKMARK [0][-]{chapter.1}{Introduction}{}% 1
\BOOKMARK [0][-]{chapter.2}{Pr\351sentation}{}% 2
\BOOKMARK [1][-]{section.2.1}{Origine du projet}{chapter.2}% 3
\BOOKMARK [1][-]{section.2.2}{Origine du groupe}{chapter.2}% 4
\BOOKMARK [1][-]{section.2.3}{Banana Propellers: Les membres}{chapter.2}% 5
\BOOKMARK [2][-]{subsection.2.3.1}{Tancrede Erulin : Adalcar}{section.2.3}% 6
\BOOKMARK [2][-]{subsection.2.3.2}{David Lespine : Horang}{section.2.3}% 7
\BOOKMARK [2][-]{subsection.2.3.3}{Fabien Tessier : Numb}{section.2.3}% 8
\BOOKMARK [2][-]{subsection.2.3.4}{Eric Li : The Kid}{section.2.3}% 9
\BOOKMARK [0][-]{chapter.3}{Structure du projet}{}% 10
\BOOKMARK [1][-]{section.3.1}{Synopsis}{chapter.3}% 11
\BOOKMARK [1][-]{section.3.2}{Outils utilis\351s}{chapter.3}% 12
\BOOKMARK [1][-]{section.3.3}{Objectif du projet}{chapter.3}% 13
\BOOKMARK [2][-]{subsection.3.3.1}{Travailler en groupe}{section.3.3}% 14
\BOOKMARK [2][-]{subsection.3.3.2}{Tenir les d\351lais}{section.3.3}% 15
\BOOKMARK [2][-]{subsection.3.3.3}{S'adapter}{section.3.3}% 16
\BOOKMARK [1][-]{section.3.4}{Plan du projet}{chapter.3}% 17
\BOOKMARK [0][-]{chapter.4}{Organisation et Budget}{}% 18
\BOOKMARK [1][-]{section.4.1}{Organisation du groupe}{chapter.4}% 19
\BOOKMARK [1][-]{section.4.2}{Planning pour les soutenances}{chapter.4}% 20
\BOOKMARK [1][-]{section.4.3}{Budget}{chapter.4}% 21
\BOOKMARK [0][-]{chapter.5}{Conclusion}{}% 22
